<?xml version="1.0" encoding="UTF-8"?>
<unitTest version="1">
    <file path="/Users/leonardomarcos/Documents/personal/pokemon-evolution/__tests__/components/base-page/index.test.tsx">
        <testCase name="Base Page render base page" duration="32"/>
    </file>
    <file path="/Users/leonardomarcos/Documents/personal/pokemon-evolution/__tests__/components/button/index.test.tsx">
        <testCase name="Button render button" duration="34"/>
    </file>
    <file path="/Users/leonardomarcos/Documents/personal/pokemon-evolution/__tests__/components/modal/index.test.tsx">
        <testCase name="Modal render modal" duration="31"/>
        <testCase name="Modal render modal when isVisible is false" duration="3"/>
    </file>
    <file path="/Users/leonardomarcos/Documents/personal/pokemon-evolution/__tests__/components/code-modal/index.test.tsx">
        <testCase name="Code Modal render input code" duration="118"/>
        <testCase name="Code Modal render finish button" duration="8"/>
        <testCase name="Code Modal click finish button" duration="18"/>
        <testCase name="Code Modal finish button disabled when input is empty" duration="4"/>
    </file>
</unitTest>